<?xml version="1.0" encoding="UTF-8"?>
<!-- Generated by org.testng.reporters.JUnitReportReporter -->
<testsuite hostname="amol-PC" name="com.Test.TestGmailLogin.TestGmailLogin" tests="6" failures="0" timestamp="12 Mar 2015 06:23:49 GMT" time="16.458" errors="0">
  <testcase name="enterNullInputs" time="1.543" classname="com.Test.TestGmailLogin.TestGmailLogin"/>
  <testcase name="enterIncorrectUserNamePassword" time="1.911" classname="com.Test.TestGmailLogin.TestGmailLogin"/>
  <testcase name="enterUserNameOnly" time="2.314" classname="com.Test.TestGmailLogin.TestGmailLogin"/>
  <testcase name="enterCorrectUserNamePassword" time="8.068" classname="com.Test.TestGmailLogin.TestGmailLogin"/>
  <testcase name="enterPasswordOnly" time="2.004" classname="com.Test.TestGmailLogin.TestGmailLogin"/>
  <testcase name="testLandingPage" time="0.618" classname="com.Test.TestGmailLogin.TestGmailLogin"/>
</testsuite> <!-- com.Test.TestGmailLogin.TestGmailLogin -->
